Using pre-set license

 COMMAND LINE ARGUMENTS:
/Applications/Unity/Hub/Editor/2020.2.1f1/Unity.app/Contents/MacOS/Unity
-adb2
-batchMode
-noUpm
-name
AssetImportWorker0
-projectPath
/Users/wolfgang_hs/Documents/Personal/Unity/Boids-DOTS/DOTS_Boids
-logFile
Logs/AssetImportWorker0.log
-srvPort
55458
Successfully changed project path to: /Users/wolfgang_hs/Documents/Personal/Unity/Boids-DOTS/DOTS_Boids
/Users/wolfgang_hs/Documents/Personal/Unity/Boids-DOTS/DOTS_Boids
Using Asset Import Pipeline V2.
Refreshing native plugins compatible for Editor in 100.53 ms, found 3 plugins.
Preloading 0 native plugins for Editor in 0.00 ms.
Initialize engine version: 2020.2.1f1 (270dd8c3da1c)
[Subsystems] Discovering subsystems at path /Applications/Unity/Hub/Editor/2020.2.1f1/Unity.app/Contents/Resources/UnitySubsystems
[Subsystems] Discovering subsystems at path /Users/wolfgang_hs/Documents/Personal/Unity/Boids-DOTS/DOTS_Boids/Assets
GfxDevice: creating device client; threaded=0
2021-06-15 14:14:44.746 Unity[38786:2655700] Color LCD preferred device: AMD Radeon Pro 555X (high power)
2021-06-15 14:14:44.746 Unity[38786:2655700] Metal devices available: 2
2021-06-15 14:14:44.746 Unity[38786:2655700] 0: AMD Radeon Pro 555X (high power)
2021-06-15 14:14:44.746 Unity[38786:2655700] 1: Intel(R) UHD Graphics 630 (low power)
2021-06-15 14:14:44.746 Unity[38786:2655700] Using device AMD Radeon Pro 555X (high power)
Initializing Metal device caps: AMD Radeon Pro 555X
Shader 'Universal Render Pipeline/Particles/Lit': fallback shader 'Universal Render Pipeline/Particles/SimpleLit' not found
Initialize mono
Mono path[0] = '/Applications/Unity/Hub/Editor/2020.2.1f1/Unity.app/Contents/Managed'
Mono path[1] = '/Applications/Unity/Hub/Editor/2020.2.1f1/Unity.app/Contents/MonoBleedingEdge/lib/mono/unityjit'
Mono config path = '/Applications/Unity/Hub/Editor/2020.2.1f1/Unity.app/Contents/MonoBleedingEdge/etc'
Using monoOptions --debugger-agent=transport=dt_socket,embedding=1,server=y,suspend=n,address=127.0.0.1:56786
Begin MonoManager ReloadAssembly
Registering precompiled unity dll's ...
Register platform support module: /Applications/Unity/Hub/Editor/2020.2.1f1/Unity.app/Contents/PlaybackEngines/MacStandaloneSupport/UnityEditor.OSXStandalone.Extensions.dll
Register platform support module: /Applications/Unity/Hub/Editor/2020.2.1f1/PlaybackEngines/WindowsStandaloneSupport/UnityEditor.WindowsStandalone.Extensions.dll
Registered in 0.000590 seconds.
Native extension for WindowsStandalone target not found
Native extension for OSXStandalone target not found
Refreshing native plugins compatible for Editor in 82.38 ms, found 3 plugins.
Preloading 0 native plugins for Editor in 0.00 ms.
Invoked RoslynAnalysisRunner static constructor.
RoslynAnalysisRunner will not be running.
RoslynAnalysisRunner has terminated.
Mono: successfully reloaded assembly
- Completed reload, in  2.241 seconds
Platform modules already initialized, skipping
Registering precompiled user dll's ...
Registered in 0.003833 seconds.
Begin MonoManager ReloadAssembly
Native extension for WindowsStandalone target not found
Native extension for OSXStandalone target not found
Refreshing native plugins compatible for Editor in 92.19 ms, found 3 plugins.
Preloading 0 native plugins for Editor in 0.00 ms.
Invoked RoslynAnalysisRunner static constructor.
RoslynAnalysisRunner will not be running.
RoslynAnalysisRunner has terminated.
Mono: successfully reloaded assembly
- Completed reload, in  3.352 seconds
Platform modules already initialized, skipping
========================================================================
Worker process is ready to serve import requests
Shader 'Universal Render Pipeline/Particles/Lit': fallback shader 'Universal Render Pipeline/Particles/SimpleLit' not found
Launching external process: /Applications/Unity/Hub/Editor/2020.2.1f1/Unity.app/Contents/Tools/UnityShaderCompiler
Launched and connected shader compiler UnityShaderCompiler after 0.02 seconds
Refreshing native plugins compatible for Editor in 1.07 ms, found 3 plugins.
Preloading 0 native plugins for Editor in 0.00 ms.
Unloading 4641 Unused Serialized files (Serialized files now loaded: 0)
System memory in use before: 361.5 MB.
System memory in use after: 361.7 MB.

Unloading 64 unused Assets to reduce memory usage. Loaded Objects now: 5092.
Total: 4.826097 ms (FindLiveObjects: 0.455024 ms CreateObjectMapping: 0.232252 ms MarkObjects: 3.946206 ms  DeleteObjects: 0.191599 ms)

========================================================================
Received Import Request.
  path: Assets/SceneDependencyCache/2e3ff78235a0a7e23f6ea07ae3a77b60.sceneWithBuildSettings
  artifactKey: Guid(2e3ff78235a0a7e23f6ea07ae3a77b60) Importer(2089858483,52bed625d08a7023a15481c3fbd73797)
Start importing Assets/SceneDependencyCache/2e3ff78235a0a7e23f6ea07ae3a77b60.sceneWithBuildSettings using Guid(2e3ff78235a0a7e23f6ea07ae3a77b60) Importer(2089858483,52bed625d08a7023a15481c3fbd73797) Opening scene 'Assets/Scenes/SampleScene/BoidSubScene.unity additively'
Loaded scene 'Assets/Scenes/SampleScene/BoidSubScene.unity'
	Deserialize:            2.473 ms
	Integration:            3.100 ms
	Integration of assets:  0.601 ms
	Thread Wait Time:       17.971 ms
	Total Operation Time:   24.144 ms
 -> (artifact id: 'cf40e327baf3935ee3e9b093c9449a5b') in 0.963677 seconds
  Import took 0.972392 seconds .

========================================================================
Received Import Request.
  Time since last request: 0.001716 seconds.
  path: Assets/SceneDependencyCache/2e3ff78235a0a7e23f6ea07ae3a77b60.sceneWithBuildSettings
  artifactKey: Guid(2e3ff78235a0a7e23f6ea07ae3a77b60) Importer(2089858483,52bed625d08a7023a15481c3fbd73797)
Start importing Assets/SceneDependencyCache/2e3ff78235a0a7e23f6ea07ae3a77b60.sceneWithBuildSettings using Guid(2e3ff78235a0a7e23f6ea07ae3a77b60) Importer(2089858483,52bed625d08a7023a15481c3fbd73797) Opening scene 'Assets/Scenes/SampleScene/BoidSubScene.unity additively'
Loaded scene 'Assets/Scenes/SampleScene/BoidSubScene.unity'
	Deserialize:            0.573 ms
	Integration:            1.063 ms
	Integration of assets:  0.326 ms
	Thread Wait Time:       21.615 ms
	Total Operation Time:   23.577 ms
 -> (artifact id: 'cf40e327baf3935ee3e9b093c9449a5b') in 0.062659 seconds
  Import took 0.070046 seconds .

========================================================================
Received Import Request.
  Time since last request: 280.195884 seconds.
  path: Assets/SceneDependencyCache/2e3ff78235a0a7e23f6ea07ae3a77b60.sceneWithBuildSettings
  artifactKey: Guid(2e3ff78235a0a7e23f6ea07ae3a77b60) Importer(2089858483,52bed625d08a7023a15481c3fbd73797)
Start importing Assets/SceneDependencyCache/2e3ff78235a0a7e23f6ea07ae3a77b60.sceneWithBuildSettings using Guid(2e3ff78235a0a7e23f6ea07ae3a77b60) Importer(2089858483,52bed625d08a7023a15481c3fbd73797) Opening scene 'Assets/Scenes/SampleScene/BoidSubScene.unity additively'
Loaded scene 'Assets/Scenes/SampleScene/BoidSubScene.unity'
	Deserialize:            0.620 ms
	Integration:            1.704 ms
	Integration of assets:  0.359 ms
	Thread Wait Time:       19.906 ms
	Total Operation Time:   22.590 ms
 -> (artifact id: 'e8764d6255d820887d0a530ddd13408b') in 0.060953 seconds
  Import took 0.069734 seconds .

========================================================================
Received Import Request.
  Time since last request: 0.001183 seconds.
  path: Assets/SceneDependencyCache/2e3ff78235a0a7e23f6ea07ae3a77b60.sceneWithBuildSettings
  artifactKey: Guid(2e3ff78235a0a7e23f6ea07ae3a77b60) Importer(2089858483,52bed625d08a7023a15481c3fbd73797)
Start importing Assets/SceneDependencyCache/2e3ff78235a0a7e23f6ea07ae3a77b60.sceneWithBuildSettings using Guid(2e3ff78235a0a7e23f6ea07ae3a77b60) Importer(2089858483,52bed625d08a7023a15481c3fbd73797) Opening scene 'Assets/Scenes/SampleScene/BoidSubScene.unity additively'
Loaded scene 'Assets/Scenes/SampleScene/BoidSubScene.unity'
	Deserialize:            0.541 ms
	Integration:            1.046 ms
	Integration of assets:  0.373 ms
	Thread Wait Time:       20.239 ms
	Total Operation Time:   22.200 ms
 -> (artifact id: 'e8764d6255d820887d0a530ddd13408b') in 0.059316 seconds
  Import took 0.068004 seconds .

========================================================================
Received Prepare
Registering precompiled user dll's ...
Registered in 0.004246 seconds.
Begin MonoManager ReloadAssembly
Native extension for WindowsStandalone target not found
Native extension for OSXStandalone target not found
Refreshing native plugins compatible for Editor in 0.94 ms, found 3 plugins.
Preloading 0 native plugins for Editor in 0.00 ms.
Invoked RoslynAnalysisRunner static constructor.
RoslynAnalysisRunner will not be running.
RoslynAnalysisRunner has terminated.
Mono: successfully reloaded assembly
- Completed reload, in  2.812 seconds
Platform modules already initialized, skipping
Shader 'Universal Render Pipeline/Particles/Lit': fallback shader 'Universal Render Pipeline/Particles/SimpleLit' not found
Refreshing native plugins compatible for Editor in 0.92 ms, found 3 plugins.
Preloading 0 native plugins for Editor in 0.00 ms.
Unloading 4480 Unused Serialized files (Serialized files now loaded: 0)
System memory in use before: 366.8 MB.
System memory in use after: 367.1 MB.

Unloading 43 unused Assets to reduce memory usage. Loaded Objects now: 5096.
Total: 4.966635 ms (FindLiveObjects: 0.571874 ms CreateObjectMapping: 0.327491 ms MarkObjects: 3.916353 ms  DeleteObjects: 0.149831 ms)

========================================================================
Received Prepare
Registering precompiled user dll's ...
Registered in 0.011962 seconds.
Begin MonoManager ReloadAssembly
Native extension for WindowsStandalone target not found
Native extension for OSXStandalone target not found
Refreshing native plugins compatible for Editor in 0.92 ms, found 3 plugins.
Preloading 0 native plugins for Editor in 0.00 ms.
Invoked RoslynAnalysisRunner static constructor.
RoslynAnalysisRunner will not be running.
RoslynAnalysisRunner has terminated.
Mono: successfully reloaded assembly
- Completed reload, in  2.795 seconds
Platform modules already initialized, skipping
Shader 'Universal Render Pipeline/Particles/Lit': fallback shader 'Universal Render Pipeline/Particles/SimpleLit' not found
Refreshing native plugins compatible for Editor in 0.98 ms, found 3 plugins.
Preloading 0 native plugins for Editor in 0.00 ms.
Unloading 4480 Unused Serialized files (Serialized files now loaded: 0)
System memory in use before: 367.4 MB.
System memory in use after: 367.6 MB.

Unloading 43 unused Assets to reduce memory usage. Loaded Objects now: 5100.
Total: 4.218955 ms (FindLiveObjects: 0.508144 ms CreateObjectMapping: 0.296968 ms MarkObjects: 3.273471 ms  DeleteObjects: 0.139447 ms)

