Using pre-set license

 COMMAND LINE ARGUMENTS:
/Applications/Unity/Hub/Editor/2020.2.1f1/Unity.app/Contents/MacOS/Unity
-adb2
-batchMode
-noUpm
-name
AssetImportWorker0
-projectPath
/Users/wolfgang_hs/Documents/Personal/Unity/Boids-DOTS/DOTS_Boids
-logFile
Logs/AssetImportWorker0.log
-srvPort
60789
Successfully changed project path to: /Users/wolfgang_hs/Documents/Personal/Unity/Boids-DOTS/DOTS_Boids
/Users/wolfgang_hs/Documents/Personal/Unity/Boids-DOTS/DOTS_Boids
Using Asset Import Pipeline V2.
Refreshing native plugins compatible for Editor in 86.96 ms, found 3 plugins.
Preloading 0 native plugins for Editor in 0.00 ms.
Initialize engine version: 2020.2.1f1 (270dd8c3da1c)
[Subsystems] Discovering subsystems at path /Applications/Unity/Hub/Editor/2020.2.1f1/Unity.app/Contents/Resources/UnitySubsystems
[Subsystems] Discovering subsystems at path /Users/wolfgang_hs/Documents/Personal/Unity/Boids-DOTS/DOTS_Boids/Assets
GfxDevice: creating device client; threaded=0
2021-04-21 15:03:07.660 Unity[13704:673935] Color LCD preferred device: AMD Radeon Pro 555X (high power)
2021-04-21 15:03:07.661 Unity[13704:673935] Metal devices available: 2
2021-04-21 15:03:07.661 Unity[13704:673935] 0: AMD Radeon Pro 555X (high power)
2021-04-21 15:03:07.661 Unity[13704:673935] 1: Intel(R) UHD Graphics 630 (low power)
2021-04-21 15:03:07.662 Unity[13704:673935] Using device AMD Radeon Pro 555X (high power)
Initializing Metal device caps: AMD Radeon Pro 555X
Shader 'Universal Render Pipeline/Particles/Lit': fallback shader 'Universal Render Pipeline/Particles/SimpleLit' not found
Initialize mono
Mono path[0] = '/Applications/Unity/Hub/Editor/2020.2.1f1/Unity.app/Contents/Managed'
Mono path[1] = '/Applications/Unity/Hub/Editor/2020.2.1f1/Unity.app/Contents/MonoBleedingEdge/lib/mono/unityjit'
Mono config path = '/Applications/Unity/Hub/Editor/2020.2.1f1/Unity.app/Contents/MonoBleedingEdge/etc'
Using monoOptions --debugger-agent=transport=dt_socket,embedding=1,server=y,suspend=n,address=127.0.0.1:56704
Begin MonoManager ReloadAssembly
Registering precompiled unity dll's ...
Register platform support module: /Applications/Unity/Hub/Editor/2020.2.1f1/Unity.app/Contents/PlaybackEngines/MacStandaloneSupport/UnityEditor.OSXStandalone.Extensions.dll
Register platform support module: /Applications/Unity/Hub/Editor/2020.2.1f1/PlaybackEngines/WindowsStandaloneSupport/UnityEditor.WindowsStandalone.Extensions.dll
Registered in 0.002252 seconds.
Native extension for WindowsStandalone target not found
Native extension for OSXStandalone target not found
Refreshing native plugins compatible for Editor in 82.46 ms, found 3 plugins.
Preloading 0 native plugins for Editor in 0.00 ms.
Invoked RoslynAnalysisRunner static constructor.
RoslynAnalysisRunner will not be running.
RoslynAnalysisRunner has terminated.
Mono: successfully reloaded assembly
- Completed reload, in  1.831 seconds
Platform modules already initialized, skipping
Registering precompiled user dll's ...
Registered in 0.009033 seconds.
Begin MonoManager ReloadAssembly
Native extension for WindowsStandalone target not found
Native extension for OSXStandalone target not found
Refreshing native plugins compatible for Editor in 82.70 ms, found 3 plugins.
Preloading 0 native plugins for Editor in 0.00 ms.
Invoked RoslynAnalysisRunner static constructor.
RoslynAnalysisRunner will not be running.
RoslynAnalysisRunner has terminated.
Mono: successfully reloaded assembly
- Completed reload, in  3.148 seconds
Platform modules already initialized, skipping
========================================================================
Worker process is ready to serve import requests
Shader 'Universal Render Pipeline/Particles/Lit': fallback shader 'Universal Render Pipeline/Particles/SimpleLit' not found
Launching external process: /Applications/Unity/Hub/Editor/2020.2.1f1/Unity.app/Contents/Tools/UnityShaderCompiler
Launched and connected shader compiler UnityShaderCompiler after 0.02 seconds
Refreshing native plugins compatible for Editor in 0.82 ms, found 3 plugins.
Preloading 0 native plugins for Editor in 0.00 ms.
Unloading 4641 Unused Serialized files (Serialized files now loaded: 0)
System memory in use before: 361.0 MB.
System memory in use after: 361.2 MB.

Unloading 64 unused Assets to reduce memory usage. Loaded Objects now: 5092.
Total: 4.758154 ms (FindLiveObjects: 0.584684 ms CreateObjectMapping: 0.328280 ms MarkObjects: 3.648787 ms  DeleteObjects: 0.195095 ms)

========================================================================
Received Prepare
Registering precompiled user dll's ...
Registered in 0.004388 seconds.
Begin MonoManager ReloadAssembly
Native extension for WindowsStandalone target not found
Native extension for OSXStandalone target not found
Refreshing native plugins compatible for Editor in 0.87 ms, found 3 plugins.
Preloading 0 native plugins for Editor in 0.00 ms.
Invoked RoslynAnalysisRunner static constructor.
RoslynAnalysisRunner will not be running.
RoslynAnalysisRunner has terminated.
Mono: successfully reloaded assembly
- Completed reload, in  2.322 seconds
Platform modules already initialized, skipping
Shader 'Universal Render Pipeline/Particles/Lit': fallback shader 'Universal Render Pipeline/Particles/SimpleLit' not found
Refreshing native plugins compatible for Editor in 0.90 ms, found 3 plugins.
Preloading 0 native plugins for Editor in 0.00 ms.
Unloading 4480 Unused Serialized files (Serialized files now loaded: 0)
System memory in use before: 352.5 MB.
System memory in use after: 352.7 MB.

Unloading 43 unused Assets to reduce memory usage. Loaded Objects now: 5096.
Total: 4.684013 ms (FindLiveObjects: 0.581626 ms CreateObjectMapping: 0.265222 ms MarkObjects: 3.689764 ms  DeleteObjects: 0.146126 ms)

AssetImportWorkerClient::OnTransportError - code=2 error=End of file
